<?xml version="1.0" encoding="UTF-8"?>
<!-- Generated by org.testng.reporters.JUnitXMLReporter -->
<testsuite ignored="0" hostname="IN-H88K1N3" failures="0" tests="8" name="Test" time="23.071" errors="0" timestamp="2024-08-08T16:26:50 IST">
  <testcase classname="api.TestCases.UserTest" name="testCreateUser" time="3.17"/>
  <testcase classname="api.TestCases.UserTest" name="testCreateUser" time="1.564"/>
  <testcase classname="api.TestCases.UserTest" name="testCreateUser" time="1.365"/>
  <testcase classname="api.TestCases.UserTest" name="testDeleteUser" time="3.584"/>
  <testcase classname="api.TestCases.UserTest" name="testDeleteUser" time="3.571"/>
  <testcase classname="api.TestCases.UserTest" name="testDeleteUser" time="3.581"/>
  <testcase classname="api.TestCases.UserTest2" name="testCreateUser" time="1.58"/>
  <testcase classname="api.TestCases.UserTest2" name="testUpdateUser" time="2.868"/>
</testsuite> <!-- Test -->
