<?xml version="1.0" encoding="UTF-8"?>
<testsuite xmlns:xsi="http://www.w3.org/2001/XMLSchema-instance" xsi:noNamespaceSchemaLocation="https://maven.apache.org/surefire/maven-surefire-plugin/xsd/surefire-test-report-3.0.xsd" version="3.0" name="TestSuite" time="23.847" tests="8" errors="0" skipped="0" failures="0">
  <properties>
[...]
</properties>
  <testcase name="testCreateUser[20, test1, Mak, Sen, ak@gmail.com, user1@, 1236789023](1)" classname="api.TestCases.UserTest" time="3.179">
    <system-out><![CDATA[On Start method invoked....
[DEBUG] 2024-08-08 16:26:27.733 [main] PackageRelationshipCollection - Parsing relationship: /xl/_rels/workbook.xml.rels
[DEBUG] 2024-08-08 16:26:27.739 [main] PackageRelationshipCollection - Parsing relationship: /xl/worksheets/_rels/sheet1.xml.rels
[DEBUG] 2024-08-08 16:26:27.740 [main] PackageRelationshipCollection - Parsing relationship: /_rels/.rels
[DEBUG] 2024-08-08 16:26:28.094 [main] PackageRelationshipCollection - Parsing relationship: /xl/_rels/workbook.xml.rels
[DEBUG] 2024-08-08 16:26:28.095 [main] PackageRelationshipCollection - Parsing relationship: /xl/worksheets/_rels/sheet1.xml.rels
[DEBUG] 2024-08-08 16:26:28.097 [main] PackageRelationshipCollection - Parsing relationship: /_rels/.rels
[DEBUG] 2024-08-08 16:26:28.122 [main] PackageRelationshipCollection - Parsing relationship: /xl/_rels/workbook.xml.rels
[DEBUG] 2024-08-08 16:26:28.123 [main] PackageRelationshipCollection - Parsing relationship: /xl/worksheets/_rels/sheet1.xml.rels
[DEBUG] 2024-08-08 16:26:28.123 [main] PackageRelationshipCollection - Parsing relationship: /_rels/.rels
[DEBUG] 2024-08-08 16:26:28.148 [main] PackageRelationshipCollection - Parsing relationship: /xl/_rels/workbook.xml.rels
[DEBUG] 2024-08-08 16:26:28.148 [main] PackageRelationshipCollection - Parsing relationship: /xl/worksheets/_rels/sheet1.xml.rels
[DEBUG] 2024-08-08 16:26:28.149 [main] PackageRelationshipCollection - Parsing relationship: /_rels/.rels
[DEBUG] 2024-08-08 16:26:28.173 [main] PackageRelationshipCollection - Parsing relationship: /xl/_rels/workbook.xml.rels
[DEBUG] 2024-08-08 16:26:28.174 [main] PackageRelationshipCollection - Parsing relationship: /xl/worksheets/_rels/sheet1.xml.rels
[DEBUG] 2024-08-08 16:26:28.175 [main] PackageRelationshipCollection - Parsing relationship: /_rels/.rels
[DEBUG] 2024-08-08 16:26:28.192 [main] PackageRelationshipCollection - Parsing relationship: /xl/_rels/workbook.xml.rels
[DEBUG] 2024-08-08 16:26:28.193 [main] PackageRelationshipCollection - Parsing relationship: /xl/worksheets/_rels/sheet1.xml.rels
[DEBUG] 2024-08-08 16:26:28.193 [main] PackageRelationshipCollection - Parsing relationship: /_rels/.rels
[DEBUG] 2024-08-08 16:26:28.209 [main] PackageRelationshipCollection - Parsing relationship: /xl/_rels/workbook.xml.rels
[DEBUG] 2024-08-08 16:26:28.209 [main] PackageRelationshipCollection - Parsing relationship: /xl/worksheets/_rels/sheet1.xml.rels
[DEBUG] 2024-08-08 16:26:28.210 [main] PackageRelationshipCollection - Parsing relationship: /_rels/.rels
[DEBUG] 2024-08-08 16:26:28.228 [main] PackageRelationshipCollection - Parsing relationship: /xl/_rels/workbook.xml.rels
[DEBUG] 2024-08-08 16:26:28.229 [main] PackageRelationshipCollection - Parsing relationship: /xl/worksheets/_rels/sheet1.xml.rels
[DEBUG] 2024-08-08 16:26:28.229 [main] PackageRelationshipCollection - Parsing relationship: /_rels/.rels
[DEBUG] 2024-08-08 16:26:28.243 [main] PackageRelationshipCollection - Parsing relationship: /xl/_rels/workbook.xml.rels
[DEBUG] 2024-08-08 16:26:28.244 [main] PackageRelationshipCollection - Parsing relationship: /xl/worksheets/_rels/sheet1.xml.rels
[DEBUG] 2024-08-08 16:26:28.244 [main] PackageRelationshipCollection - Parsing relationship: /_rels/.rels
[DEBUG] 2024-08-08 16:26:28.257 [main] PackageRelationshipCollection - Parsing relationship: /xl/_rels/workbook.xml.rels
[DEBUG] 2024-08-08 16:26:28.258 [main] PackageRelationshipCollection - Parsing relationship: /xl/worksheets/_rels/sheet1.xml.rels
[DEBUG] 2024-08-08 16:26:28.259 [main] PackageRelationshipCollection - Parsing relationship: /_rels/.rels
[DEBUG] 2024-08-08 16:26:28.278 [main] PackageRelationshipCollection - Parsing relationship: /xl/_rels/workbook.xml.rels
[DEBUG] 2024-08-08 16:26:28.278 [main] PackageRelationshipCollection - Parsing relationship: /xl/worksheets/_rels/sheet1.xml.rels
[DEBUG] 2024-08-08 16:26:28.279 [main] PackageRelationshipCollection - Parsing relationship: /_rels/.rels
[DEBUG] 2024-08-08 16:26:28.295 [main] PackageRelationshipCollection - Parsing relationship: /xl/_rels/workbook.xml.rels
[DEBUG] 2024-08-08 16:26:28.296 [main] PackageRelationshipCollection - Parsing relationship: /xl/worksheets/_rels/sheet1.xml.rels
[DEBUG] 2024-08-08 16:26:28.297 [main] PackageRelationshipCollection - Parsing relationship: /_rels/.rels
[DEBUG] 2024-08-08 16:26:28.312 [main] PackageRelationshipCollection - Parsing relationship: /xl/_rels/workbook.xml.rels
[DEBUG] 2024-08-08 16:26:28.313 [main] PackageRelationshipCollection - Parsing relationship: /xl/worksheets/_rels/sheet1.xml.rels
[DEBUG] 2024-08-08 16:26:28.314 [main] PackageRelationshipCollection - Parsing relationship: /_rels/.rels
[DEBUG] 2024-08-08 16:26:28.331 [main] PackageRelationshipCollection - Parsing relationship: /xl/_rels/workbook.xml.rels
[DEBUG] 2024-08-08 16:26:28.332 [main] PackageRelationshipCollection - Parsing relationship: /xl/worksheets/_rels/sheet1.xml.rels
[DEBUG] 2024-08-08 16:26:28.333 [main] PackageRelationshipCollection - Parsing relationship: /_rels/.rels
[DEBUG] 2024-08-08 16:26:28.350 [main] PackageRelationshipCollection - Parsing relationship: /xl/_rels/workbook.xml.rels
[DEBUG] 2024-08-08 16:26:28.351 [main] PackageRelationshipCollection - Parsing relationship: /xl/worksheets/_rels/sheet1.xml.rels
[DEBUG] 2024-08-08 16:26:28.352 [main] PackageRelationshipCollection - Parsing relationship: /_rels/.rels
[DEBUG] 2024-08-08 16:26:28.365 [main] PackageRelationshipCollection - Parsing relationship: /xl/_rels/workbook.xml.rels
[DEBUG] 2024-08-08 16:26:28.366 [main] PackageRelationshipCollection - Parsing relationship: /xl/worksheets/_rels/sheet1.xml.rels
[DEBUG] 2024-08-08 16:26:28.367 [main] PackageRelationshipCollection - Parsing relationship: /_rels/.rels
[DEBUG] 2024-08-08 16:26:28.391 [main] PackageRelationshipCollection - Parsing relationship: /xl/_rels/workbook.xml.rels
[DEBUG] 2024-08-08 16:26:28.392 [main] PackageRelationshipCollection - Parsing relationship: /xl/worksheets/_rels/sheet1.xml.rels
[DEBUG] 2024-08-08 16:26:28.393 [main] PackageRelationshipCollection - Parsing relationship: /_rels/.rels
[DEBUG] 2024-08-08 16:26:28.405 [main] PackageRelationshipCollection - Parsing relationship: /xl/_rels/workbook.xml.rels
[DEBUG] 2024-08-08 16:26:28.405 [main] PackageRelationshipCollection - Parsing relationship: /xl/worksheets/_rels/sheet1.xml.rels
[DEBUG] 2024-08-08 16:26:28.406 [main] PackageRelationshipCollection - Parsing relationship: /_rels/.rels
[DEBUG] 2024-08-08 16:26:28.419 [main] PackageRelationshipCollection - Parsing relationship: /xl/_rels/workbook.xml.rels
[DEBUG] 2024-08-08 16:26:28.420 [main] PackageRelationshipCollection - Parsing relationship: /xl/worksheets/_rels/sheet1.xml.rels
[DEBUG] 2024-08-08 16:26:28.420 [main] PackageRelationshipCollection - Parsing relationship: /_rels/.rels
[DEBUG] 2024-08-08 16:26:28.435 [main] PackageRelationshipCollection - Parsing relationship: /xl/_rels/workbook.xml.rels
[DEBUG] 2024-08-08 16:26:28.436 [main] PackageRelationshipCollection - Parsing relationship: /xl/worksheets/_rels/sheet1.xml.rels
[DEBUG] 2024-08-08 16:26:28.437 [main] PackageRelationshipCollection - Parsing relationship: /_rels/.rels
[DEBUG] 2024-08-08 16:26:28.452 [main] PackageRelationshipCollection - Parsing relationship: /xl/_rels/workbook.xml.rels
[DEBUG] 2024-08-08 16:26:28.453 [main] PackageRelationshipCollection - Parsing relationship: /xl/worksheets/_rels/sheet1.xml.rels
[DEBUG] 2024-08-08 16:26:28.454 [main] PackageRelationshipCollection - Parsing relationship: /_rels/.rels
[DEBUG] 2024-08-08 16:26:28.473 [main] PackageRelationshipCollection - Parsing relationship: /xl/_rels/workbook.xml.rels
[DEBUG] 2024-08-08 16:26:28.474 [main] PackageRelationshipCollection - Parsing relationship: /xl/worksheets/_rels/sheet1.xml.rels
[DEBUG] 2024-08-08 16:26:28.474 [main] PackageRelationshipCollection - Parsing relationship: /_rels/.rels
[DEBUG] 2024-08-08 16:26:28.488 [main] PackageRelationshipCollection - Parsing relationship: /xl/_rels/workbook.xml.rels
[DEBUG] 2024-08-08 16:26:28.489 [main] PackageRelationshipCollection - Parsing relationship: /xl/worksheets/_rels/sheet1.xml.rels
[DEBUG] 2024-08-08 16:26:28.491 [main] PackageRelationshipCollection - Parsing relationship: /_rels/.rels
Name of test method started:testCreateUser
HTTP/1.1 200 OK
Date: Thu, 08 Aug 2024 10:56:31 GMT
Content-Type: application/json
Transfer-Encoding: chunked
Connection: keep-alive
Access-Control-Allow-Origin: *
Access-Control-Allow-Methods: GET, POST, DELETE, PUT
Access-Control-Allow-Headers: Content-Type, api_key, Authorization
Server: Jetty(9.2.9.v20150224)

{
    "code": 200,
    "type": "unknown",
    "message": "20"
}
Name of test method sucessfully executed:testCreateUser
]]></system-out>
    <system-err><![CDATA[SLF4J: Failed to load class "org.slf4j.impl.StaticLoggerBinder".
SLF4J: Defaulting to no-operation (NOP) logger implementation
SLF4J: See http://www.slf4j.org/codes.html#StaticLoggerBinder for further details.
]]></system-err>
  </testcase>
  <testcase name="testCreateUser[21, test2, Brat, Pal, br@gmail.com, user2@, 2147483647](2)" classname="api.TestCases.UserTest" time="1.567">
    <system-out><![CDATA[Name of test method started:testCreateUser
HTTP/1.1 200 OK
Date: Thu, 08 Aug 2024 10:56:33 GMT
Content-Type: application/json
Transfer-Encoding: chunked
Connection: keep-alive
Access-Control-Allow-Origin: *
Access-Control-Allow-Methods: GET, POST, DELETE, PUT
Access-Control-Allow-Headers: Content-Type, api_key, Authorization
Server: Jetty(9.2.9.v20150224)

{
    "code": 200,
    "type": "unknown",
    "message": "21"
}
Name of test method sucessfully executed:testCreateUser
]]></system-out>
  </testcase>
  <testcase name="testCreateUser[22, test3, Avi, Pal, vi@gmail.com, user3@, 2147483647](3)" classname="api.TestCases.UserTest" time="1.365">
    <system-out><![CDATA[Name of test method started:testCreateUser
HTTP/1.1 200 OK
Date: Thu, 08 Aug 2024 10:56:34 GMT
Content-Type: application/json
Transfer-Encoding: chunked
Connection: keep-alive
Access-Control-Allow-Origin: *
Access-Control-Allow-Methods: GET, POST, DELETE, PUT
Access-Control-Allow-Headers: Content-Type, api_key, Authorization
Server: Jetty(9.2.9.v20150224)

{
    "code": 200,
    "type": "unknown",
    "message": "22"
}
Name of test method sucessfully executed:testCreateUser
]]></system-out>
  </testcase>
  <testcase name="testDeleteUser[test1](1)" classname="api.TestCases.UserTest" time="3.587">
    <system-out><![CDATA[[DEBUG] 2024-08-08 16:26:34.640 [main] PackageRelationshipCollection - Parsing relationship: /xl/_rels/workbook.xml.rels
[DEBUG] 2024-08-08 16:26:34.641 [main] PackageRelationshipCollection - Parsing relationship: /xl/worksheets/_rels/sheet1.xml.rels
[DEBUG] 2024-08-08 16:26:34.642 [main] PackageRelationshipCollection - Parsing relationship: /_rels/.rels
[DEBUG] 2024-08-08 16:26:34.662 [main] PackageRelationshipCollection - Parsing relationship: /xl/_rels/workbook.xml.rels
[DEBUG] 2024-08-08 16:26:34.663 [main] PackageRelationshipCollection - Parsing relationship: /xl/worksheets/_rels/sheet1.xml.rels
[DEBUG] 2024-08-08 16:26:34.664 [main] PackageRelationshipCollection - Parsing relationship: /_rels/.rels
Read username: test1
[DEBUG] 2024-08-08 16:26:34.678 [main] PackageRelationshipCollection - Parsing relationship: /xl/_rels/workbook.xml.rels
[DEBUG] 2024-08-08 16:26:34.679 [main] PackageRelationshipCollection - Parsing relationship: /xl/worksheets/_rels/sheet1.xml.rels
[DEBUG] 2024-08-08 16:26:34.680 [main] PackageRelationshipCollection - Parsing relationship: /_rels/.rels
Read username: test2
[DEBUG] 2024-08-08 16:26:34.694 [main] PackageRelationshipCollection - Parsing relationship: /xl/_rels/workbook.xml.rels
[DEBUG] 2024-08-08 16:26:34.695 [main] PackageRelationshipCollection - Parsing relationship: /xl/worksheets/_rels/sheet1.xml.rels
[DEBUG] 2024-08-08 16:26:34.696 [main] PackageRelationshipCollection - Parsing relationship: /_rels/.rels
Read username: test3
Name of test method started:testDeleteUser
Attempting to delete user: test1
Delete User Data for username: test1
HTTP/1.1 404 Not Found
Date: Thu, 08 Aug 2024 10:56:38 GMT
Content-Length: 0
Connection: keep-alive
Access-Control-Allow-Origin: *
Access-Control-Allow-Methods: GET, POST, DELETE, PUT
Access-Control-Allow-Headers: Content-Type, api_key, Authorization
Server: Jetty(9.2.9.v20150224)
Name of test method sucessfully executed:testDeleteUser
]]></system-out>
  </testcase>
  <testcase name="testDeleteUser[test2](2)" classname="api.TestCases.UserTest" time="3.571">
    <system-out><![CDATA[Name of test method started:testDeleteUser
Attempting to delete user: test2
Delete User Data for username: test2
HTTP/1.1 404 Not Found
Date: Thu, 08 Aug 2024 10:56:41 GMT
Content-Length: 0
Connection: keep-alive
Access-Control-Allow-Origin: *
Access-Control-Allow-Methods: GET, POST, DELETE, PUT
Access-Control-Allow-Headers: Content-Type, api_key, Authorization
Server: Jetty(9.2.9.v20150224)
Name of test method sucessfully executed:testDeleteUser
]]></system-out>
  </testcase>
  <testcase name="testDeleteUser[test3](3)" classname="api.TestCases.UserTest" time="3.585">
    <system-out><![CDATA[Name of test method started:testDeleteUser
Attempting to delete user: test3
Delete User Data for username: test3
HTTP/1.1 404 Not Found
Date: Thu, 08 Aug 2024 10:56:45 GMT
Content-Length: 0
Connection: keep-alive
Access-Control-Allow-Origin: *
Access-Control-Allow-Methods: GET, POST, DELETE, PUT
Access-Control-Allow-Headers: Content-Type, api_key, Authorization
Server: Jetty(9.2.9.v20150224)
Name of test method sucessfully executed:testDeleteUser
]]></system-out>
  </testcase>
  <testcase name="testCreateUser" classname="api.TestCases.UserTest2" time="1.581">
    <system-out><![CDATA[Name of test method started:testCreateUser
HTTP/1.1 200 OK
Date: Thu, 08 Aug 2024 10:56:47 GMT
Content-Type: application/json
Transfer-Encoding: chunked
Connection: keep-alive
Access-Control-Allow-Origin: *
Access-Control-Allow-Methods: GET, POST, DELETE, PUT
Access-Control-Allow-Headers: Content-Type, api_key, Authorization
Server: Jetty(9.2.9.v20150224)

{
    "code": 200,
    "type": "unknown",
    "message": "1940166039"
}
[INFO ] 2024-08-08 16:26:47.187 [main] RestAPI - Create User executed.
Name of test method sucessfully executed:testCreateUser
]]></system-out>
  </testcase>
  <testcase name="testUpdateUser" classname="api.TestCases.UserTest2" time="2.872">
    <system-out><![CDATA[Name of test method started:testUpdateUser
HTTP/1.1 200 OK
Date: Thu, 08 Aug 2024 10:56:48 GMT
Content-Type: application/json
Transfer-Encoding: chunked
Connection: keep-alive
Access-Control-Allow-Origin: *
Access-Control-Allow-Methods: GET, POST, DELETE, PUT
Access-Control-Allow-Headers: Content-Type, api_key, Authorization
Server: Jetty(9.2.9.v20150224)

{
    "code": 200,
    "type": "unknown",
    "message": "1940166039"
}
After Update User Data.
HTTP/1.1 404 Not Found
Date: Thu, 08 Aug 2024 10:56:49 GMT
Content-Type: application/json
Transfer-Encoding: chunked
Connection: keep-alive
Access-Control-Allow-Origin: *
Access-Control-Allow-Methods: GET, POST, DELETE, PUT
Access-Control-Allow-Headers: Content-Type, api_key, Authorization
Server: Jetty(9.2.9.v20150224)

{
    "code": 1,
    "type": "error",
    "message": "User not found"
}
[INFO ] 2024-08-08 16:26:50.056 [main] RestAPI - Update User executed.
Name of test method sucessfully executed:testUpdateUser
]]></system-out>
  </testcase>
</testsuite>