<?xml version="1.0" encoding="UTF-8"?>
<testng-results ignored="0" total="8" passed="8" failed="0" skipped="0">
  <reporter-output>
  </reporter-output>
  <suite started-at="2024-08-08T16:26:26 IST" name="Suite" finished-at="2024-08-08T16:26:50 IST" duration-ms="23071">
    <groups>
    </groups>
    <test started-at="2024-08-08T16:26:26 IST" name="Test" finished-at="2024-08-08T16:26:50 IST" duration-ms="23071">
      <class name="api.TestCases.UserTest">
        <test-method signature="testCreateUser(java.lang.String,java.lang.String,java.lang.String,java.lang.String,java.lang.String,java.lang.String,java.lang.String)[pri:1, instance:api.TestCases.UserTest@3e11f9e9]" started-at="2024-08-08T16:26:28 IST" name="testCreateUser" data-provider="AllData" finished-at="2024-08-08T16:26:31 IST" duration-ms="3170" status="PASS">
          <params>
            <param index="0">
              <value>
                <![CDATA[20]]>
              </value>
            </param>
            <param index="1">
              <value>
                <![CDATA[test1]]>
              </value>
            </param>
            <param index="2">
              <value>
                <![CDATA[Mak]]>
              </value>
            </param>
            <param index="3">
              <value>
                <![CDATA[Sen]]>
              </value>
            </param>
            <param index="4">
              <value>
                <![CDATA[ak@gmail.com]]>
              </value>
            </param>
            <param index="5">
              <value>
                <![CDATA[user1@]]>
              </value>
            </param>
            <param index="6">
              <value>
                <![CDATA[1236789023]]>
              </value>
            </param>
          </params>
          <reporter-output>
          </reporter-output>
        </test-method> <!-- testCreateUser -->
        <test-method signature="testCreateUser(java.lang.String,java.lang.String,java.lang.String,java.lang.String,java.lang.String,java.lang.String,java.lang.String)[pri:1, instance:api.TestCases.UserTest@3e11f9e9]" started-at="2024-08-08T16:26:31 IST" name="testCreateUser" data-provider="AllData" finished-at="2024-08-08T16:26:33 IST" duration-ms="1564" status="PASS">
          <params>
            <param index="0">
              <value>
                <![CDATA[21]]>
              </value>
            </param>
            <param index="1">
              <value>
                <![CDATA[test2]]>
              </value>
            </param>
            <param index="2">
              <value>
                <![CDATA[Brat]]>
              </value>
            </param>
            <param index="3">
              <value>
                <![CDATA[Pal]]>
              </value>
            </param>
            <param index="4">
              <value>
                <![CDATA[br@gmail.com]]>
              </value>
            </param>
            <param index="5">
              <value>
                <![CDATA[user2@]]>
              </value>
            </param>
            <param index="6">
              <value>
                <![CDATA[2147483647]]>
              </value>
            </param>
          </params>
          <reporter-output>
          </reporter-output>
        </test-method> <!-- testCreateUser -->
        <test-method signature="testCreateUser(java.lang.String,java.lang.String,java.lang.String,java.lang.String,java.lang.String,java.lang.String,java.lang.String)[pri:1, instance:api.TestCases.UserTest@3e11f9e9]" started-at="2024-08-08T16:26:33 IST" name="testCreateUser" data-provider="AllData" finished-at="2024-08-08T16:26:34 IST" duration-ms="1365" status="PASS">
          <params>
            <param index="0">
              <value>
                <![CDATA[22]]>
              </value>
            </param>
            <param index="1">
              <value>
                <![CDATA[test3]]>
              </value>
            </param>
            <param index="2">
              <value>
                <![CDATA[Avi]]>
              </value>
            </param>
            <param index="3">
              <value>
                <![CDATA[Pal]]>
              </value>
            </param>
            <param index="4">
              <value>
                <![CDATA[vi@gmail.com]]>
              </value>
            </param>
            <param index="5">
              <value>
                <![CDATA[user3@]]>
              </value>
            </param>
            <param index="6">
              <value>
                <![CDATA[2147483647]]>
              </value>
            </param>
          </params>
          <reporter-output>
          </reporter-output>
        </test-method> <!-- testCreateUser -->
        <test-method signature="testDeleteUser(java.lang.String)[pri:2, instance:api.TestCases.UserTest@3e11f9e9]" started-at="2024-08-08T16:26:34 IST" name="testDeleteUser" data-provider="UserNamesData" finished-at="2024-08-08T16:26:38 IST" duration-ms="3584" status="PASS">
          <params>
            <param index="0">
              <value>
                <![CDATA[test1]]>
              </value>
            </param>
          </params>
          <reporter-output>
          </reporter-output>
        </test-method> <!-- testDeleteUser -->
        <test-method signature="testDeleteUser(java.lang.String)[pri:2, instance:api.TestCases.UserTest@3e11f9e9]" started-at="2024-08-08T16:26:38 IST" name="testDeleteUser" data-provider="UserNamesData" finished-at="2024-08-08T16:26:41 IST" duration-ms="3571" status="PASS">
          <params>
            <param index="0">
              <value>
                <![CDATA[test2]]>
              </value>
            </param>
          </params>
          <reporter-output>
          </reporter-output>
        </test-method> <!-- testDeleteUser -->
        <test-method signature="testDeleteUser(java.lang.String)[pri:2, instance:api.TestCases.UserTest@3e11f9e9]" started-at="2024-08-08T16:26:41 IST" name="testDeleteUser" data-provider="UserNamesData" finished-at="2024-08-08T16:26:45 IST" duration-ms="3581" status="PASS">
          <params>
            <param index="0">
              <value>
                <![CDATA[test3]]>
              </value>
            </param>
          </params>
          <reporter-output>
          </reporter-output>
        </test-method> <!-- testDeleteUser -->
      </class> <!-- api.TestCases.UserTest -->
      <class name="api.TestCases.UserTest2">
        <test-method is-config="true" signature="generateTestData()[pri:0, instance:api.TestCases.UserTest2@5d534f5d]" started-at="2024-08-08T16:26:45 IST" name="generateTestData" finished-at="2024-08-08T16:26:45 IST" duration-ms="153" status="PASS">
          <reporter-output>
          </reporter-output>
        </test-method> <!-- generateTestData -->
        <test-method signature="testCreateUser()[pri:1, instance:api.TestCases.UserTest2@5d534f5d]" started-at="2024-08-08T16:26:45 IST" name="testCreateUser" finished-at="2024-08-08T16:26:47 IST" duration-ms="1580" status="PASS">
          <reporter-output>
          </reporter-output>
        </test-method> <!-- testCreateUser -->
        <test-method signature="testUpdateUser()[pri:2, instance:api.TestCases.UserTest2@5d534f5d]" started-at="2024-08-08T16:26:47 IST" name="testUpdateUser" finished-at="2024-08-08T16:26:50 IST" duration-ms="2868" status="PASS">
          <reporter-output>
          </reporter-output>
        </test-method> <!-- testUpdateUser -->
      </class> <!-- api.TestCases.UserTest2 -->
    </test> <!-- Test -->
  </suite> <!-- Suite -->
</testng-results>
