<?xml version="1.0" encoding="UTF-8"?>
<testng-results ignored="0" total="2" passed="2" failed="0" skipped="0">
  <reporter-output>
  </reporter-output>
  <suite started-at="2024-08-08T16:12:53 IST" name="Suite" finished-at="2024-08-08T16:13:00 IST" duration-ms="6464">
    <groups>
    </groups>
    <test started-at="2024-08-08T16:12:53 IST" name="Test" finished-at="2024-08-08T16:13:00 IST" duration-ms="6464">
      <class name="api.TestCases.UserTest2">
        <test-method is-config="true" signature="generateTestData()[pri:0, instance:api.TestCases.UserTest2@27462a88]" started-at="2024-08-08T16:12:54 IST" name="generateTestData" finished-at="2024-08-08T16:12:54 IST" duration-ms="639" status="PASS">
          <reporter-output>
          </reporter-output>
        </test-method> <!-- generateTestData -->
        <test-method signature="testCreateUser()[pri:1, instance:api.TestCases.UserTest2@27462a88]" started-at="2024-08-08T16:12:54 IST" name="testCreateUser" finished-at="2024-08-08T16:12:57 IST" duration-ms="2777" status="PASS">
          <reporter-output>
          </reporter-output>
        </test-method> <!-- testCreateUser -->
        <test-method signature="testUpdateUser()[pri:2, instance:api.TestCases.UserTest2@27462a88]" started-at="2024-08-08T16:12:57 IST" name="testUpdateUser" finished-at="2024-08-08T16:13:00 IST" duration-ms="2763" status="PASS">
          <reporter-output>
          </reporter-output>
        </test-method> <!-- testUpdateUser -->
      </class> <!-- api.TestCases.UserTest2 -->
    </test> <!-- Test -->
  </suite> <!-- Suite -->
</testng-results>
